{"level":"warn","message":"Validation failed: \"city\" length must be at least 3 characters long","timestamp":"2025-04-09T10:57:02.200Z"}
{"level":"info","message":"Валидация на регистрацию прошла успешно!","timestamp":"2025-04-09T10:58:22.743Z"}
{"level":"info","message":"Валидация на регистрацию прошла успешно!","timestamp":"2025-04-09T13:31:11.407Z"}
{"level":"info","message":"Валидация на регистрацию прошла успешно!","timestamp":"2025-04-09T13:31:53.967Z"}
{"level":"info","message":"Регистрация прошла успешно! email:DD222@gmail.com","timestamp":"2025-04-09T13:33:34.155Z"}
{"level":"info","message":"Регистрация прошла успешно! email: DD252@gmail.com","timestamp":"2025-04-09T13:41:18.978Z"}
{"level":"info","message":"Валидация прошла успешно! text: Сделать зарядку6","timestamp":"2025-04-09T14:19:13.728Z"}
{"level":"info","message":"","timestamp":"2025-04-11T07:44:49.451Z"}
{"level":"info","message":"Авторизация прошла успешно! email: DD252@gmail.com","timestamp":"2025-04-11T07:46:57.569Z"}
{"level":"info","message":"","timestamp":"2025-04-11T07:47:10.066Z"}
{"level":"info","message":"Регистрация прошла успешно! email: AAA@gmail.com","timestamp":"2025-04-11T10:13:23.278Z"}
{"level":"info","message":"Регистрация прошла успешно! email: AAA@gmail.com","timestamp":"2025-04-11T10:15:16.638Z"}
{"level":"info","message":"Регистрация прошла успешно! email: AAA@gmail.com","timestamp":"2025-04-11T10:17:32.312Z"}
{"level":"info","message":"Авторизация прошла успешно! email: AAA@gmail.com","timestamp":"2025-04-11T10:18:56.453Z"}
{"level":"info","message":"Permission check passed for 67f8ec3b506e4a52c3e49964: users:read","timestamp":"2025-04-11T10:20:33.859Z"}
{"level":"info","message":"Admin 67f8ec3b506e4a52c3e49964 fetched all users","timestamp":"2025-04-11T10:20:34.060Z"}
{"level":"info","message":"Авторизация прошла успешно! email: DD222@gmail.com","timestamp":"2025-04-11T10:22:04.768Z"}
{"level":"warn","message":"Access denied for 67f6772df75a3274402a99e4: required users:read, role: user","timestamp":"2025-04-11T10:22:18.668Z"}
{"level":"info","message":"Авторизация прошла успешно! email: AAA@gmail.com","timestamp":"2025-04-11T10:22:45.143Z"}
{"level":"info","message":"Permission check passed for 67f8ec3b506e4a52c3e49964: users:read","timestamp":"2025-04-11T10:22:57.620Z"}
{"level":"info","message":"Admin 67f8ec3b506e4a52c3e49964 fetched all users","timestamp":"2025-04-11T10:22:57.823Z"}
{"level":"info","message":"Permission check passed for 67f8ec3b506e4a52c3e49964: tasks:manage","timestamp":"2025-04-11T10:26:01.118Z"}
{"level":"info","message":"Admin 67f8ec3b506e4a52c3e49964 fetched all tasks","timestamp":"2025-04-11T10:26:01.307Z"}
{"level":"info","message":"Permission check passed for 67f8ec3b506e4a52c3e49964: tasks:manage","timestamp":"2025-04-11T10:26:22.493Z"}
{"level":"info","message":"Admin 67f8ec3b506e4a52c3e49964 fetched all tasks","timestamp":"2025-04-11T10:26:22.687Z"}
{"level":"error","message":"User nod found: undefined","timestamp":"2025-04-11T10:27:07.171Z"}
{"level":"info","message":"Permission check passed for 67f8ec3b506e4a52c3e49964: tasks:manage","timestamp":"2025-04-11T10:27:24.209Z"}
{"level":"info","message":"Admin 67f8ec3b506e4a52c3e49964 fetched all tasks","timestamp":"2025-04-11T10:27:24.406Z"}
{"level":"info","message":"Регистрация прошла успешно! email: Postgresss@gmail.com","timestamp":"2025-04-13T11:31:18.278Z"}
{"level":"info","message":"Регистрация прошла успешно! email: Postgressss@gmail.com","timestamp":"2025-04-13T11:32:22.583Z"}
{"level":"info","message":"Регистрация прошла успешно! email: Postgres@gmail.com","timestamp":"2025-04-13T11:34:20.163Z"}
{"level":"info","message":"Регистрация прошла успешно! email: Postgres2@gmail.com","timestamp":"2025-04-13T11:34:51.805Z"}
{"level":"info","message":"Регистрация прошла успешно! email: Postgres3@gmail.com","timestamp":"2025-04-13T12:22:42.390Z"}
{"level":"info","message":"Регистрация прошла успешно! email: Postgres4@gmail.com","timestamp":"2025-04-13T12:24:57.225Z"}
{"level":"info","message":"Авторизация прошла успешно! email: Postgres4@gmail.com","timestamp":"2025-04-14T06:32:57.006Z"}
{"level":"info","message":"Авторизация прошла успешно! email: Postgres4@gmail.com","timestamp":"2025-04-14T06:33:44.711Z"}
{"level":"info","message":"Авторизация прошла успешно! email: Postgres4@gmail.com","timestamp":"2025-04-14T06:34:11.417Z"}
{"level":"info","message":"Авторизация прошла успешно! email: Postgres4@gmail.com","timestamp":"2025-04-14T06:51:24.154Z"}
{"level":"info","message":"","timestamp":"2025-04-14T07:05:19.523Z"}
{"level":"info","message":"","timestamp":"2025-04-14T07:06:02.450Z"}
{"level":"info","message":"","timestamp":"2025-04-14T07:06:10.248Z"}
{"level":"info","message":"","timestamp":"2025-04-14T07:08:10.437Z"}
{"level":"info","message":"Авторизация прошла успешно! email: Postgres4@gmail.com","timestamp":"2025-04-14T07:11:08.627Z"}
{"level":"info","message":"Авторизация прошла успешно! email: Postgres4@gmail.com","timestamp":"2025-04-14T07:12:24.163Z"}
{"level":"info","message":"Авторизация прошла успешно! email: Postgres4@gmail.com","timestamp":"2025-04-14T07:12:25.557Z"}
{"level":"info","message":"Авторизация прошла успешно! email: Postgres4@gmail.com","timestamp":"2025-04-14T07:12:26.260Z"}
{"level":"info","message":"Авторизация прошла успешно! email: Postgres4@gmail.com","timestamp":"2025-04-14T07:12:26.925Z"}
{"level":"info","message":"","timestamp":"2025-04-14T07:12:37.550Z"}
{"level":"info","message":"","timestamp":"2025-04-14T07:12:55.736Z"}
{"level":"info","message":"","timestamp":"2025-04-14T07:13:34.155Z"}
{"level":"info","message":"","timestamp":"2025-04-14T07:14:02.604Z"}
{"level":"info","message":"","timestamp":"2025-04-14T07:15:17.404Z"}
{"level":"info","message":"","timestamp":"2025-04-14T07:15:48.680Z"}
{"level":"info","message":"","timestamp":"2025-04-14T07:18:44.419Z"}
{"level":"info","message":"","timestamp":"2025-04-14T07:19:42.993Z"}
{"level":"warn","message":"Validation failed: \"text\" is required","timestamp":"2025-04-14T10:46:23.899Z"}
{"level":"info","message":"Авторизация прошла успешно! email: Postgres4@gmail.com","timestamp":"2025-04-14T10:46:30.419Z"}
{"level":"warn","message":"Validation failed: \"text\" is required","timestamp":"2025-04-14T10:46:50.993Z"}
{"level":"info","message":"Авторизация прошла успешно! email: Postgres@gmail.com","timestamp":"2025-04-14T10:48:38.213Z"}
{"level":"info","message":"Авторизация прошла успешно! email: Postgres4@gmail.com","timestamp":"2025-04-14T11:02:04.453Z"}
{"level":"info","message":"Авторизация прошла успешно! email: Postgres4@gmail.com","timestamp":"2025-04-16T08:24:41.605Z"}
{"level":"info","message":"Weather fetched: Kazan, 17.1°C for user 9","timestamp":"2025-04-16T08:25:03.512Z"}
{"level":"info","message":"Weather fetched: Samara, 18.4°C for user 9","timestamp":"2025-04-16T08:25:41.983Z"}
{"level":"info","message":"Weather fetched: Koshki, 15.7°C for user 9","timestamp":"2025-04-16T08:26:01.783Z"}
{"level":"info","message":"Weather fetched: Moscow, 17.4°C for user 9","timestamp":"2025-04-16T08:26:09.331Z"}
{"level":"info","message":"Запрос список истории запросов погоды предоставлено! user: 9","timestamp":"2025-04-16T08:36:05.454Z"}
{"level":"info","message":"Calculated add(5, 3) = 8","timestamp":"2025-04-16T14:21:00.167Z"}
{"level":"info","message":"Calculated add(5, 10) = 15","timestamp":"2025-04-16T14:21:06.378Z"}
{"level":"warn","message":"На ноль делить нельзя!!!","timestamp":"2025-04-16T14:21:23.003Z"}
{"level":"info","message":"Авторизация прошла успешно! email: Postgres4@gmail.com","timestamp":"2025-04-17T07:45:09.913Z"}
{"level":"info","message":"Авторизация прошла успешно! email: Postgres4@gmail.com","timestamp":"2025-04-17T07:45:09.998Z"}
{"level":"info","message":"Авторизация прошла успешно! email: Postgres4@gmail.com","timestamp":"2025-04-17T07:45:10.083Z"}
{"level":"info","message":"Авторизация прошла успешно! email: Postgres4@gmail.com","timestamp":"2025-04-17T07:45:10.163Z"}
{"level":"info","message":"Авторизация прошла успешно! email: Postgres4@gmail.com","timestamp":"2025-04-17T07:45:10.247Z"}
{"level":"info","message":"Авторизация прошла успешно! email: Postgres4@gmail.com","timestamp":"2025-04-17T07:45:10.328Z"}
{"level":"info","message":"Авторизация прошла успешно! email: Postgres4@gmail.com","timestamp":"2025-04-17T07:45:10.409Z"}
{"level":"info","message":"Авторизация прошла успешно! email: Postgres4@gmail.com","timestamp":"2025-04-17T07:45:10.500Z"}
{"level":"info","message":"Авторизация прошла успешно! email: Postgres4@gmail.com","timestamp":"2025-04-17T07:45:10.584Z"}
{"level":"info","message":"Авторизация прошла успешно! email: Postgres4@gmail.com","timestamp":"2025-04-17T07:45:10.669Z"}
{"level":"info","message":"Авторизация прошла успешно! email: Postgres4@gmail.com","timestamp":"2025-04-17T07:45:49.339Z"}
{"level":"info","message":"Weather fetched: Moscow, 15.2°C for user 9","timestamp":"2025-04-17T07:46:05.028Z"}
{"level":"info","message":"Weather fetched: Moscow, 15.2°C for user 9","timestamp":"2025-04-17T07:46:26.760Z"}
{"level":"info","message":"Weather fetched: Moscow, 15.2°C for user 9","timestamp":"2025-04-17T07:46:26.948Z"}
{"level":"info","message":"Weather fetched: Moscow, 15.2°C for user 9","timestamp":"2025-04-17T07:46:27.138Z"}
{"level":"info","message":"Weather fetched: Moscow, 15.2°C for user 9","timestamp":"2025-04-17T07:46:27.330Z"}
{"level":"info","message":"Weather fetched: Moscow, 15.2°C for user 9","timestamp":"2025-04-17T07:46:27.522Z"}
{"level":"info","message":"Weather fetched: Moscow, 15.2°C for user 9","timestamp":"2025-04-17T07:46:27.719Z"}
{"level":"info","message":"Weather fetched: Moscow, 15.2°C for user 9","timestamp":"2025-04-17T07:46:27.919Z"}
{"level":"info","message":"Weather fetched: Moscow, 15.2°C for user 9","timestamp":"2025-04-17T07:46:28.107Z"}
{"level":"info","message":"Weather fetched: Moscow, 15.2°C for user 9","timestamp":"2025-04-17T07:46:28.300Z"}
{"level":"info","message":"Weather fetched: Moscow, 15.2°C for user 9","timestamp":"2025-04-17T07:46:28.490Z"}
{"level":"info","message":"Weather fetched: Moscow, 15.2°C for user 9","timestamp":"2025-04-17T07:46:45.279Z"}
{"level":"info","message":"Weather fetched: Moscow, 15.2°C for user 9","timestamp":"2025-04-17T07:46:45.471Z"}
{"level":"info","message":"Weather fetched: Moscow, 15.2°C for user 9","timestamp":"2025-04-17T07:46:45.677Z"}
{"level":"info","message":"Weather fetched: Moscow, 15.2°C for user 9","timestamp":"2025-04-17T07:46:45.870Z"}
{"level":"info","message":"Weather fetched: Moscow, 15.2°C for user 9","timestamp":"2025-04-17T07:46:46.064Z"}
{"level":"info","message":"Weather fetched: Moscow, 15.2°C for user 9","timestamp":"2025-04-17T07:46:46.260Z"}
{"level":"info","message":"Weather fetched: Moscow, 15.2°C for user 9","timestamp":"2025-04-17T07:46:46.452Z"}
{"level":"info","message":"Weather fetched: Moscow, 15.2°C for user 9","timestamp":"2025-04-17T07:46:46.651Z"}
{"level":"info","message":"Weather fetched: Moscow, 15.2°C for user 9","timestamp":"2025-04-17T07:46:46.845Z"}
{"level":"info","message":"Weather fetched: Moscow, 15.2°C for user 9","timestamp":"2025-04-17T07:46:47.040Z"}
{"level":"info","message":"Weather fetched: Moscow, 15.2°C for user 9","timestamp":"2025-04-17T07:46:47.232Z"}
{"level":"info","message":"Weather fetched: Moscow, 15.2°C for user 9","timestamp":"2025-04-17T07:46:47.422Z"}
{"level":"info","message":"Weather fetched: Moscow, 15.2°C for user 9","timestamp":"2025-04-17T07:46:47.613Z"}
{"level":"info","message":"Weather fetched: Moscow, 15.2°C for user 9","timestamp":"2025-04-17T07:46:47.829Z"}
{"level":"info","message":"Weather fetched: Moscow, 15.2°C for user 9","timestamp":"2025-04-17T07:46:48.022Z"}
{"level":"info","message":"Weather fetched: Moscow, 15.2°C for user 9","timestamp":"2025-04-17T07:46:48.218Z"}
{"level":"info","message":"Weather fetched: Moscow, 15.2°C for user 9","timestamp":"2025-04-17T07:46:48.412Z"}
{"level":"info","message":"Weather fetched: Moscow, 15.2°C for user 9","timestamp":"2025-04-17T07:46:48.608Z"}
{"level":"info","message":"Weather fetched: Moscow, 15.2°C for user 9","timestamp":"2025-04-17T07:46:48.813Z"}
{"level":"info","message":"Weather fetched: Moscow, 15.2°C for user 9","timestamp":"2025-04-17T07:46:49.010Z"}
{"level":"info","message":"Weather fetched: Moscow, 15.2°C for user 9","timestamp":"2025-04-17T07:46:49.203Z"}
{"level":"info","message":"Weather fetched: Moscow, 15.2°C for user 9","timestamp":"2025-04-17T07:46:49.400Z"}
{"level":"info","message":"Weather fetched: Moscow, 15.2°C for user 9","timestamp":"2025-04-17T07:46:49.602Z"}
{"level":"info","message":"Weather fetched: Moscow, 15.2°C for user 9","timestamp":"2025-04-17T07:46:49.798Z"}
{"level":"info","message":"Weather fetched: Moscow, 15.2°C for user 9","timestamp":"2025-04-17T07:46:50.000Z"}
{"level":"info","message":"Weather fetched: Moscow, 15.2°C for user 9","timestamp":"2025-04-17T07:46:50.193Z"}
{"level":"info","message":"Weather fetched: Moscow, 15.2°C for user 9","timestamp":"2025-04-17T07:46:50.385Z"}
{"level":"info","message":"Weather fetched: Moscow, 15.2°C for user 9","timestamp":"2025-04-17T07:46:50.584Z"}
{"level":"info","message":"Weather fetched: Moscow, 15.2°C for user 9","timestamp":"2025-04-17T07:46:50.777Z"}
{"level":"info","message":"Weather fetched: Moscow, 15.2°C for user 9","timestamp":"2025-04-17T07:46:50.973Z"}
{"level":"info","message":"Weather fetched: Moscow, 15.2°C for user 9","timestamp":"2025-04-17T07:46:51.171Z"}
{"level":"info","message":"Weather fetched: Moscow, 15.2°C for user 9","timestamp":"2025-04-17T07:46:51.375Z"}
{"level":"info","message":"Weather fetched: Moscow, 15.2°C for user 9","timestamp":"2025-04-17T07:46:51.570Z"}
{"level":"info","message":"Weather fetched: Moscow, 15.2°C for user 9","timestamp":"2025-04-17T07:46:51.766Z"}
{"level":"info","message":"Weather fetched: Moscow, 15.2°C for user 9","timestamp":"2025-04-17T07:46:51.963Z"}
{"level":"info","message":"Weather fetched: Moscow, 15.2°C for user 9","timestamp":"2025-04-17T07:46:52.157Z"}
{"level":"info","message":"Weather fetched: Moscow, 15.2°C for user 9","timestamp":"2025-04-17T07:46:52.394Z"}
{"level":"info","message":"Weather fetched: Moscow, 15.2°C for user 9","timestamp":"2025-04-17T07:46:52.588Z"}
{"level":"info","message":"Weather fetched: Moscow, 15.2°C for user 9","timestamp":"2025-04-17T07:46:52.790Z"}
{"level":"info","message":"Weather fetched: Moscow, 15.2°C for user 9","timestamp":"2025-04-17T07:46:52.989Z"}
{"level":"info","message":"Weather fetched: Moscow, 15.2°C for user 9","timestamp":"2025-04-17T07:46:53.179Z"}
{"level":"info","message":"Weather fetched: Moscow, 15.2°C for user 9","timestamp":"2025-04-17T07:46:53.429Z"}
{"level":"info","message":"Weather fetched: Moscow, 15.2°C for user 9","timestamp":"2025-04-17T07:46:53.625Z"}
{"level":"info","message":"Weather fetched: Moscow, 15.2°C for user 9","timestamp":"2025-04-17T07:46:53.820Z"}
{"level":"info","message":"Weather fetched: Moscow, 15.2°C for user 9","timestamp":"2025-04-17T07:46:54.023Z"}
{"level":"info","message":"Weather fetched: Moscow, 15.2°C for user 9","timestamp":"2025-04-17T07:46:54.219Z"}
{"level":"info","message":"Weather fetched: Moscow, 15.2°C for user 9","timestamp":"2025-04-17T07:46:54.417Z"}
{"level":"info","message":"Weather fetched: Moscow, 15.2°C for user 9","timestamp":"2025-04-17T07:46:54.617Z"}
{"level":"info","message":"Weather fetched: Moscow, 15.2°C for user 9","timestamp":"2025-04-17T07:46:54.814Z"}
{"level":"info","message":"Weather fetched: Moscow, 15.2°C for user 9","timestamp":"2025-04-17T07:46:55.007Z"}
{"level":"info","message":"Weather fetched: Moscow, 15.2°C for user 9","timestamp":"2025-04-17T07:46:55.202Z"}
{"level":"info","message":"Weather fetched: Moscow, 15.2°C for user 9","timestamp":"2025-04-17T07:46:55.404Z"}
{"level":"info","message":"Weather fetched: Moscow, 15.2°C for user 9","timestamp":"2025-04-17T07:46:55.610Z"}
{"level":"info","message":"Weather fetched: Moscow, 15.2°C for user 9","timestamp":"2025-04-17T07:46:55.807Z"}
{"level":"info","message":"Weather fetched: Moscow, 15.2°C for user 9","timestamp":"2025-04-17T07:46:56.005Z"}
{"level":"info","message":"Weather fetched: Moscow, 15.2°C for user 9","timestamp":"2025-04-17T07:46:56.203Z"}
{"level":"info","message":"Weather fetched: Moscow, 15.2°C for user 9","timestamp":"2025-04-17T07:46:56.478Z"}
{"level":"info","message":"Weather fetched: Moscow, 15.2°C for user 9","timestamp":"2025-04-17T07:46:56.684Z"}
{"level":"info","message":"Weather fetched: Moscow, 15.2°C for user 9","timestamp":"2025-04-17T07:46:56.882Z"}
{"level":"info","message":"Weather fetched: Moscow, 15.2°C for user 9","timestamp":"2025-04-17T07:46:57.081Z"}
{"level":"info","message":"Weather fetched: Moscow, 15.2°C for user 9","timestamp":"2025-04-17T07:46:57.291Z"}
{"level":"info","message":"Weather fetched: Moscow, 15.2°C for user 9","timestamp":"2025-04-17T07:46:57.482Z"}
{"level":"info","message":"Weather fetched: Moscow, 15.2°C for user 9","timestamp":"2025-04-17T07:46:57.701Z"}
{"level":"info","message":"Weather fetched: Moscow, 15.2°C for user 9","timestamp":"2025-04-17T07:46:57.898Z"}
{"level":"info","message":"Weather fetched: Moscow, 15.2°C for user 9","timestamp":"2025-04-17T07:46:58.096Z"}
{"level":"info","message":"Weather fetched: Moscow, 15.2°C for user 9","timestamp":"2025-04-17T07:46:58.302Z"}
{"level":"info","message":"Weather fetched: Moscow, 15.2°C for user 9","timestamp":"2025-04-17T07:46:58.496Z"}
{"level":"info","message":"Weather fetched: Moscow, 15.2°C for user 9","timestamp":"2025-04-17T07:46:58.688Z"}
{"level":"info","message":"Weather fetched: Moscow, 15.2°C for user 9","timestamp":"2025-04-17T07:46:58.884Z"}
{"level":"info","message":"Weather fetched: Moscow, 15.2°C for user 9","timestamp":"2025-04-17T07:46:59.078Z"}
{"level":"info","message":"Weather fetched: Moscow, 15.2°C for user 9","timestamp":"2025-04-17T07:46:59.279Z"}
{"level":"info","message":"Weather fetched: Moscow, 15.2°C for user 9","timestamp":"2025-04-17T07:46:59.479Z"}
{"level":"info","message":"Weather fetched: Moscow, 15.2°C for user 9","timestamp":"2025-04-17T07:46:59.679Z"}
{"level":"info","message":"Weather fetched: Moscow, 15.2°C for user 9","timestamp":"2025-04-17T07:46:59.874Z"}
{"level":"info","message":"Weather fetched: Moscow, 15.2°C for user 9","timestamp":"2025-04-17T07:47:00.067Z"}
{"level":"info","message":"Weather fetched: Moscow, 15.2°C for user 9","timestamp":"2025-04-17T07:47:00.260Z"}
{"level":"info","message":"Weather fetched: Moscow, 15.2°C for user 9","timestamp":"2025-04-17T07:47:00.464Z"}
{"level":"info","message":"Weather fetched: Moscow, 15.2°C for user 9","timestamp":"2025-04-17T07:47:00.660Z"}
{"level":"info","message":"Weather fetched: Moscow, 15.2°C for user 9","timestamp":"2025-04-17T07:47:00.859Z"}
{"level":"info","message":"Weather fetched: Moscow, 15.2°C for user 9","timestamp":"2025-04-17T07:47:01.056Z"}
{"level":"info","message":"Weather fetched: Moscow, 15.2°C for user 9","timestamp":"2025-04-17T07:47:01.251Z"}
{"level":"info","message":"Weather fetched: Moscow, 15.2°C for user 9","timestamp":"2025-04-17T07:47:01.603Z"}
{"level":"info","message":"Weather fetched: Moscow, 15.2°C for user 9","timestamp":"2025-04-17T07:47:01.840Z"}
{"level":"info","message":"Weather fetched: Moscow, 15.2°C for user 9","timestamp":"2025-04-17T07:47:02.033Z"}
{"level":"info","message":"Weather fetched: Moscow, 15.2°C for user 9","timestamp":"2025-04-17T07:47:02.230Z"}
{"level":"info","message":"Weather fetched: Moscow, 15.2°C for user 9","timestamp":"2025-04-17T07:47:02.427Z"}
{"level":"info","message":"Weather fetched: Moscow, 15.2°C for user 9","timestamp":"2025-04-17T07:47:02.622Z"}
{"level":"info","message":"Weather fetched: Moscow, 15.2°C for user 9","timestamp":"2025-04-17T07:47:02.815Z"}
{"level":"info","message":"Weather fetched: Moscow, 15.2°C for user 9","timestamp":"2025-04-17T07:47:03.019Z"}
{"level":"info","message":"Weather fetched: Moscow, 15.2°C for user 9","timestamp":"2025-04-17T07:47:03.215Z"}
{"level":"info","message":"Weather fetched: Moscow, 15.2°C for user 9","timestamp":"2025-04-17T07:47:03.409Z"}
{"level":"info","message":"Weather fetched: Moscow, 15.2°C for user 9","timestamp":"2025-04-17T07:47:03.611Z"}
{"level":"info","message":"Weather fetched: Moscow, 15.2°C for user 9","timestamp":"2025-04-17T07:47:03.805Z"}
{"level":"info","message":"Weather fetched: Moscow, 15.2°C for user 9","timestamp":"2025-04-17T07:47:04.000Z"}
{"level":"info","message":"Weather fetched: Moscow, 15.2°C for user 9","timestamp":"2025-04-17T07:47:04.196Z"}
{"level":"info","message":"Weather fetched: Moscow, 15.2°C for user 9","timestamp":"2025-04-17T07:47:04.402Z"}
{"level":"info","message":"Weather fetched: Moscow, 15.2°C for user 9","timestamp":"2025-04-17T07:47:04.603Z"}
{"level":"info","message":"Weather fetched: Moscow, 15.2°C for user 9","timestamp":"2025-04-17T07:47:04.796Z"}
{"level":"info","message":"Weather fetched: Moscow, 15.2°C for user 9","timestamp":"2025-04-17T07:47:04.986Z"}
{"level":"info","message":"Weather fetched: Moscow, 15.2°C for user 9","timestamp":"2025-04-17T07:47:05.188Z"}
{"level":"info","message":"Авторизация прошла успешно! email: Postgres4@gmail.com","timestamp":"2025-04-17T11:20:06.069Z"}

{"level":"info","message":"Task created: тестовое для bull  2 by user 9","timestamp":"2025-04-17T11:22:00.640Z"}
{"level":"info","message":"Processing email for user 9: Task \"тестовое для bull  2\" created successfully","timestamp":"2025-04-17T11:22:00.644Z"}
{"level":"info","message":"Email job completed for user 9: sent","timestamp":"2025-04-17T11:22:01.660Z"}
{"level":"info","message":"Task created: тестовое для bull  2 by user 9","timestamp":"2025-04-17T11:22:47.996Z"}
{"level":"info","message":"Processing email for user 9: Task \"тестовое для bull  2\" created successfully","timestamp":"2025-04-17T11:22:48.001Z"}
{"level":"info","message":"Email job completed for user 9: sent","timestamp":"2025-04-17T11:22:49.007Z"}
{"level":"info","message":"Сервер успешно запущен на 3000 порту","timestamp":"2025-04-17T11:31:31.364Z"}
{"level":"info","message":"Сервер успешно запущен на 3000 порту","timestamp":"2025-04-17T13:11:34.151Z"}
{"level":"info","message":"Сервер успешно запущен на 3000 порту","timestamp":"2025-04-17T13:17:26.411Z"}
{"level":"info","message":"Авторизация прошла успешно! email: Postgres4@gmail.com","timestamp":"2025-04-18T08:45:22.355Z"}
{"level":"info","message":"Авторизация прошла успешно! email: Postgres4@gmail.com","timestamp":"2025-04-18T08:45:25.945Z"}
{"level":"info","message":"Авторизация прошла успешно! email: Postgres4@gmail.com","timestamp":"2025-04-18T08:45:26.559Z"}
{"level":"info","message":"Авторизация прошла успешно! email: Postgres4@gmail.com","timestamp":"2025-04-18T08:45:27.185Z"}
{"level":"info","message":"Авторизация прошла успешно! email: Postgres4@gmail.com","timestamp":"2025-04-18T08:45:27.643Z"}
{"level":"info","message":"Авторизация прошла успешно! email: Postgres4@gmail.com","timestamp":"2025-04-18T08:45:28.068Z"}
{"level":"info","message":"Авторизация прошла успешно! email: Postgres4@gmail.com","timestamp":"2025-04-18T08:45:28.483Z"}
{"level":"info","message":"Авторизация прошла успешно! email: Postgres4@gmail.com","timestamp":"2025-04-18T08:45:28.917Z"}
{"level":"info","message":"Авторизация прошла успешно! email: Postgres2@gmail.com","timestamp":"2025-04-19T06:26:36.466Z"}
{"level":"info","message":"Авторизация прошла успешно! email: Postgres2@gmail.com","timestamp":"2025-04-19T06:38:42.635Z"}
{"level":"info","message":"Авторизация прошла успешно! email: Postgres2@gmail.com","timestamp":"2025-04-19T07:09:09.414Z"}
{"level":"info","message":"Авторизация прошла успешно! email: Postgres2@gmail.com","timestamp":"2025-04-19T07:09:13.092Z"}
{"level":"info","message":"Авторизация прошла успешно! email: Postgres2@gmail.com","timestamp":"2025-04-19T07:09:37.967Z"}
{"level":"info","message":"Авторизация прошла успешно! email: Postgres2@gmail.com","timestamp":"2025-04-19T07:09:38.683Z"}
{"level":"info","message":"Авторизация прошла успешно! email: Postgres2@gmail.com","timestamp":"2025-04-19T07:09:39.230Z"}
{"level":"info","message":"Авторизация прошла успешно! email: Postgres2@gmail.com","timestamp":"2025-04-19T07:09:39.386Z"}
{"level":"info","message":"Авторизация прошла успешно! email: Postgres2@gmail.com","timestamp":"2025-04-19T07:09:39.558Z"}
{"level":"info","message":"Авторизация прошла успешно! email: Postgres2@gmail.com","timestamp":"2025-04-19T07:09:39.722Z"}
{"level":"info","message":"Авторизация прошла успешно! email: Postgres2@gmail.com","timestamp":"2025-04-19T07:09:40.135Z"}
{"level":"info","message":"Авторизация прошла успешно! email: Postgres2@gmail.com","timestamp":"2025-04-19T07:09:40.312Z"}
{"level":"info","message":"Авторизация прошла успешно! email: Postgres2@gmail.com","timestamp":"2025-04-19T07:09:42.567Z"}
{"level":"info","message":"Регистрация прошла успешно! email: Postgres7@gmail.com","timestamp":"2025-04-19T07:10:40.307Z"}
{"level":"info","message":"Авторизация прошла успешно! email: Postgres2@gmail.com","timestamp":"2025-04-19T07:10:46.343Z"}
{"level":"info","message":"Авторизация прошла успешно! email: Postgres2@gmail.com","timestamp":"2025-04-19T07:12:43.056Z"}
{"level":"info","message":"Авторизация прошла успешно! email: Postgres2@gmail.com","timestamp":"2025-04-19T07:14:27.736Z"}
{"level":"info","message":"Авторизация прошла успешно! email: Postgres2@gmail.com","timestamp":"2025-04-19T07:15:40.346Z"}
{"level":"info","message":"Авторизация прошла успешно! email: Postgres2@gmail.com","timestamp":"2025-04-19T07:15:55.776Z"}
{"level":"info","message":"Авторизация прошла успешно! email: Postgres2@gmail.com","timestamp":"2025-04-19T07:15:57.338Z"}
{"level":"info","message":"Авторизация прошла успешно! email: Postgres2@gmail.com","timestamp":"2025-04-19T07:15:58.124Z"}
{"level":"info","message":"Авторизация прошла успешно! email: Postgres2@gmail.com","timestamp":"2025-04-19T07:15:58.319Z"}
{"level":"info","message":"Авторизация прошла успешно! email: Postgres2@gmail.com","timestamp":"2025-04-19T07:15:58.519Z"}
{"level":"info","message":"Авторизация прошла успешно! email: Postgres2@gmail.com","timestamp":"2025-04-19T07:15:58.772Z"}
{"level":"info","message":"Авторизация прошла успешно! email: Postgres2@gmail.com","timestamp":"2025-04-19T07:15:58.991Z"}
{"level":"info","message":"Авторизация прошла успешно! email: Postgres2@gmail.com","timestamp":"2025-04-19T07:16:24.255Z"}
{"level":"info","message":"Авторизация прошла успешно! email: Postgres2@gmail.com","timestamp":"2025-04-19T07:16:24.952Z"}
{"level":"info","message":"Авторизация прошла успешно! email: Postgres2@gmail.com","timestamp":"2025-04-19T07:16:25.381Z"}
{"level":"info","message":"Авторизация прошла успешно! email: Postgres2@gmail.com","timestamp":"2025-04-19T07:16:36.037Z"}
{"level":"info","message":"Авторизация прошла успешно! email: Postgres2@gmail.com","timestamp":"2025-04-19T07:16:37.153Z"}
{"level":"info","message":"Авторизация прошла успешно! email: Postgres2@gmail.com","timestamp":"2025-04-19T07:17:07.904Z"}
{"level":"info","message":"Авторизация прошла успешно! email: Postgres2@gmail.com","timestamp":"2025-04-19T07:17:20.485Z"}
{"level":"info","message":"Авторизация прошла успешно! email: Postgres2@gmail.com","timestamp":"2025-04-19T07:17:50.018Z"}
{"level":"info","message":"Регистрация прошла успешно! email: Postgres8@gmail.com","timestamp":"2025-04-19T07:25:57.926Z"}
{"level":"info","message":"Авторизация прошла успешно! email: Postgres7@gmail.com","timestamp":"2025-04-19T07:39:44.982Z"}
{"level":"info","message":"Регистрация прошла успешно! email: Postgres9@gmail.com","timestamp":"2025-04-19T07:40:25.721Z"}
{"level":"info","message":"Авторизация прошла успешно! email: Postgres7@gmail.com","timestamp":"2025-04-19T07:56:43.782Z"}
{"level":"info","message":"Авторизация прошла успешно! email: Postgres7@gmail.com","timestamp":"2025-04-19T07:57:12.367Z"}
{"level":"info","message":"Processing email for user 10: Task \"тестовое 2222\" created successfully","timestamp":"2025-04-19T08:26:49.825Z"}
{"level":"info","message":"Email job completed for user 10: sent","timestamp":"2025-04-19T08:26:50.844Z"}
{"level":"info","message":"Task created: тестовое 2222 by user 10","timestamp":"2025-04-19T08:27:11.981Z"}
{"level":"info","message":"Processing email for user 10: Task \"тестовое 2222\" created successfully","timestamp":"2025-04-19T08:27:11.985Z"}
{"level":"info","message":"Email job completed for user 10: sent","timestamp":"2025-04-19T08:27:12.992Z"}
{"level":"info","message":"Task created: тестовое 3333 by user undefined","timestamp":"2025-04-19T09:21:18.626Z"}
{"level":"info","message":"Processing email for user undefined: Task \"тестовое 3333\" created successfully","timestamp":"2025-04-19T09:21:18.631Z"}
{"level":"info","message":"Email job completed for user undefined: sent","timestamp":"2025-04-19T09:21:19.641Z"}
{"level":"info","message":"Task created: тестовое 3333 by user undefined","timestamp":"2025-04-19T09:22:01.714Z"}
{"level":"info","message":"Processing email for user undefined: Task \"тестовое 3333\" created successfully","timestamp":"2025-04-19T09:22:01.720Z"}
{"level":"info","message":"Email job completed for user undefined: sent","timestamp":"2025-04-19T09:22:02.736Z"}
{"level":"info","message":"Task created: тестовое 4444 by user undefined","timestamp":"2025-04-19T09:57:46.064Z"}
{"level":"info","message":"Processing email for user undefined: Task \"тестовое 4444\" created successfully","timestamp":"2025-04-19T09:57:46.070Z"}
{"level":"info","message":"Email job completed for user undefined: sent","timestamp":"2025-04-19T09:57:47.072Z"}
{"level":"info","message":"Task created: тестовое 4444 by user undefined","timestamp":"2025-04-19T10:03:25.021Z"}
{"level":"info","message":"Processing email for user undefined: Task \"тестовое 4444\" created successfully","timestamp":"2025-04-19T10:03:25.028Z"}
{"level":"info","message":"Email job completed for user undefined: sent","timestamp":"2025-04-19T10:03:26.034Z"}
{"level":"info","message":"Task created: тестовое 4444 by user undefined","timestamp":"2025-04-19T10:04:06.203Z"}
{"level":"info","message":"Processing email for user undefined: Task \"тестовое 4444\" created successfully","timestamp":"2025-04-19T10:04:06.207Z"}
{"level":"info","message":"Email job completed for user undefined: sent","timestamp":"2025-04-19T10:04:07.224Z"}
{"level":"info","message":"Task created: тестовое 4444 by user undefined","timestamp":"2025-04-19T10:04:26.815Z"}
{"level":"info","message":"Processing email for user undefined: Task \"тестовое 4444\" created successfully","timestamp":"2025-04-19T10:04:26.819Z"}
{"level":"info","message":"Email job completed for user undefined: sent","timestamp":"2025-04-19T10:04:27.833Z"}
{"level":"info","message":"Task created: тестовое 4444 by user 10","timestamp":"2025-04-19T10:05:56.902Z"}
{"level":"info","message":"Processing email for user 10: Task \"тестовое 4444\" created successfully","timestamp":"2025-04-19T10:05:56.909Z"}
{"level":"info","message":"Email job completed for user 10: sent","timestamp":"2025-04-19T10:05:57.911Z"}
{"level":"info","message":"Task created: тестовое 4444 by user 10","timestamp":"2025-04-19T11:11:15.368Z"}
{"level":"info","message":"Processing email for user 10: Task \"тестовое 4444\" created successfully","timestamp":"2025-04-19T11:11:15.375Z"}
{"level":"info","message":"Email job completed for user 10: sent","timestamp":"2025-04-19T11:11:16.383Z"}
{"level":"info","message":"Task created: тестовое 4444 by user 10","timestamp":"2025-04-19T11:26:27.365Z"}
{"level":"info","message":"Задача успешно добавлена! userid: 10","timestamp":"2025-04-19T11:26:27.367Z"}
{"level":"warn","message":"Не удалось создать задачу. userId: 10","timestamp":"2025-04-19T11:26:27.368Z"}
{"level":"info","message":"Processing email for user 10: Task \"тестовое 4444\" created successfully","timestamp":"2025-04-19T11:26:27.373Z"}
{"level":"info","message":"Email job completed for user 10: sent","timestamp":"2025-04-19T11:26:28.375Z"}
{"level":"info","message":"Task created: тестовое 4444 by user 10","timestamp":"2025-04-19T11:27:37.539Z"}
{"level":"info","message":"Задача успешно добавлена! userid: 10","timestamp":"2025-04-19T11:27:37.541Z"}
{"level":"warn","message":"Не удалось создать задачу. userId: 10","timestamp":"2025-04-19T11:27:37.542Z"}
{"level":"info","message":"Processing email for user 10: Task \"тестовое 4444\" created successfully","timestamp":"2025-04-19T11:27:37.547Z"}
{"level":"info","message":"Email job completed for user 10: sent","timestamp":"2025-04-19T11:27:38.551Z"}
{"level":"info","message":"Task created: тестовое 4444 by user 10","timestamp":"2025-04-19T11:28:00.384Z"}
{"level":"info","message":"Задача успешно добавлена! userid: 10","timestamp":"2025-04-19T11:28:00.386Z"}
{"level":"warn","message":"Не удалось создать задачу. userId: 10, TypeError: Cannot read properties of undefined (reading 'rows')","timestamp":"2025-04-19T11:28:00.388Z"}
{"level":"info","message":"Processing email for user 10: Task \"тестовое 4444\" created successfully","timestamp":"2025-04-19T11:28:00.395Z"}
{"level":"info","message":"Email job completed for user 10: sent","timestamp":"2025-04-19T11:28:01.404Z"}
{"level":"info","message":"Task created: тестовое 4444 by user 10","timestamp":"2025-04-19T11:29:00.499Z"}
{"level":"info","message":"Задача успешно добавлена! userid: 10","timestamp":"2025-04-19T11:29:00.500Z"}
{"level":"info","message":"Processing email for user 10: Task \"тестовое 4444\" created successfully","timestamp":"2025-04-19T11:29:00.504Z"}
{"level":"info","message":"Email job completed for user 10: sent","timestamp":"2025-04-19T11:29:01.508Z"}
{"level":"info","message":"Task created: тестовое 1234124 by user 10","timestamp":"2025-04-19T11:29:17.722Z"}
{"level":"info","message":"Задача успешно добавлена! userid: 10","timestamp":"2025-04-19T11:29:17.722Z"}
{"level":"info","message":"Processing email for user 10: Task \"тестовое 1234124\" created successfully","timestamp":"2025-04-19T11:29:17.727Z"}
{"level":"info","message":"Email job completed for user 10: sent","timestamp":"2025-04-19T11:29:18.731Z"}
{"level":"info","message":"Task created: тестовое 1234124 by user 10","timestamp":"2025-04-19T11:30:40.323Z"}
{"level":"info","message":"Задача успешно добавлена! userid: 10","timestamp":"2025-04-19T11:30:40.325Z"}
{"level":"info","message":"Processing email for user 10: Task \"тестовое 1234124\" created successfully","timestamp":"2025-04-19T11:30:40.330Z"}
{"level":"info","message":"Email job completed for user 10: sent","timestamp":"2025-04-19T11:30:41.340Z"}
{"level":"info","message":"Task created: тестовое 1234124 by user 10","timestamp":"2025-04-19T11:31:11.254Z"}
{"level":"info","message":"Задача успешно добавлена! userid: 10","timestamp":"2025-04-19T11:31:11.262Z"}
{"level":"info","message":"Processing email for user 10: Task \"тестовое 1234124\" created successfully","timestamp":"2025-04-19T11:31:11.266Z"}
{"level":"info","message":"Email job completed for user 10: sent","timestamp":"2025-04-19T11:31:12.273Z"}
{"level":"info","message":"Task created: тестовое 1234124 by user 10","timestamp":"2025-04-19T11:31:40.915Z"}
{"level":"info","message":"Задача успешно добавлена! userid: 10","timestamp":"2025-04-19T11:31:40.916Z"}
{"level":"info","message":"Processing email for user 10: Task \"тестовое 1234124\" created successfully","timestamp":"2025-04-19T11:31:40.920Z"}
{"level":"info","message":"Email job completed for user 10: sent","timestamp":"2025-04-19T11:31:41.924Z"}
{"level":"warn","message":"Произошла ошибка, задача не найдена в базе данных! userID: undefined","timestamp":"2025-04-19T12:13:13.102Z"}
{"level":"warn","message":"Произошла ошибка, задача не найдена в базе данных! userID: undefined","timestamp":"2025-04-19T12:13:15.308Z"}
{"level":"warn","message":"Произошла ошибка, задача не найдена в базе данных! userID: undefined","timestamp":"2025-04-19T12:14:01.459Z"}
{"level":"warn","message":"Произошла ошибка, задача не найдена в базе данных! userID: undefined","timestamp":"2025-04-19T12:14:46.042Z"}
{"level":"warn","message":"Произошла ошибка, задача не найдена в базе данных! userID: undefined","timestamp":"2025-04-19T12:15:50.920Z"}
{"level":"warn","message":"Произошла ошибка, задача не найдена в базе данных! userID: undefined","timestamp":"2025-04-19T12:18:13.885Z"}
{"level":"warn","message":"Произошла ошибка, задача не найдена в базе данных! userID: undefined","timestamp":"2025-04-19T12:27:40.807Z"}
{"level":"info","message":"Статус задачи успешно обновлена. taskID: 11","timestamp":"2025-04-19T12:27:40.809Z"}
{"level":"warn","message":"Произошла ошибка, задача не найдена в базе данных! userID: undefined","timestamp":"2025-04-19T12:27:51.510Z"}
{"level":"info","message":"Статус задачи успешно обновлена. taskID: 10","timestamp":"2025-04-19T12:27:51.511Z"}
{"level":"warn","message":"Произошла ошибка, задача не найдена в базе данных! userID: undefined","timestamp":"2025-04-19T12:28:08.315Z"}
{"level":"info","message":"Статус задачи успешно обновлена. taskID: 10","timestamp":"2025-04-19T12:28:08.315Z"}
{"level":"warn","message":"Произошла ошибка, задача не найдена в базе данных! userID: undefined","timestamp":"2025-04-19T12:28:33.728Z"}
{"level":"info","message":"Статус задачи успешно обновлена. taskID: 10","timestamp":"2025-04-19T12:28:33.730Z"}
{"level":"warn","message":"Произошла ошибка, задача не найдена в базе данных! userID: undefined","timestamp":"2025-04-19T12:30:15.160Z"}
{"level":"info","message":"Статус задачи успешно обновлена. taskID: 11","timestamp":"2025-04-19T12:30:15.160Z"}
{"level":"warn","message":"Произошла ошибка, задача не найдена в базе данных! userID: undefined","timestamp":"2025-04-19T12:30:32.342Z"}
{"level":"info","message":"Статус задачи успешно обновлена. taskID: 33","timestamp":"2025-04-19T12:30:32.342Z"}
{"level":"warn","message":"Произошла ошибка, задача не найдена в базе данных! userID: undefined","timestamp":"2025-04-19T12:30:39.988Z"}
{"level":"info","message":"Статус задачи успешно обновлена. taskID: 33","timestamp":"2025-04-19T12:30:39.988Z"}
{"level":"warn","message":"Произошла ошибка, задача не найдена в базе данных! userID: undefined","timestamp":"2025-04-19T12:31:41.749Z"}
{"level":"info","message":"Статус задачи успешно обновлена. taskID: 33","timestamp":"2025-04-19T12:31:41.750Z"}
{"level":"warn","message":"Произошла ошибка, задача не найдена в базе данных! userID: undefined","timestamp":"2025-04-19T12:32:32.045Z"}
{"level":"info","message":"Статус задачи успешно обновлена. taskID: 33","timestamp":"2025-04-19T12:32:32.046Z"}
{"level":"warn","message":"Произошла ошибка, задача не найдена в базе данных! userID: undefined","timestamp":"2025-04-19T12:32:37.386Z"}
{"level":"info","message":"Статус задачи успешно обновлена. taskID: 33","timestamp":"2025-04-19T12:32:37.388Z"}
{"level":"warn","message":"Произошла ошибка, задача не найдена в базе данных! userID: undefined","timestamp":"2025-04-19T12:32:58.474Z"}
{"level":"info","message":"Статус задачи успешно обновлена. taskID: 33","timestamp":"2025-04-19T12:32:58.475Z"}
{"level":"warn","message":"Произошла ошибка, задача не найдена в базе данных! userID: undefined","timestamp":"2025-04-19T12:33:24.651Z"}
{"level":"info","message":"Статус задачи успешно обновлена. taskID: 33","timestamp":"2025-04-19T12:33:24.653Z"}
{"level":"warn","message":"Произошла ошибка, задача не найдена в базе данных! userID: 10","timestamp":"2025-04-19T12:33:38.302Z"}
{"level":"info","message":"Статус задачи успешно обновлена. taskID: 33","timestamp":"2025-04-19T12:33:38.303Z"}
{"level":"warn","message":"Произошла ошибка, задача не найдена в базе данных! userID: undefined","timestamp":"2025-04-19T12:34:13.981Z"}
{"level":"info","message":"Статус задачи успешно обновлена. taskID: 33","timestamp":"2025-04-19T12:34:13.982Z"}
{"level":"warn","message":"Произошла ошибка, задача не найдена в базе данных! userID: undefined","timestamp":"2025-04-19T12:34:40.573Z"}
{"level":"info","message":"Статус задачи успешно обновлена. taskID: 33","timestamp":"2025-04-19T12:34:40.574Z"}
{"level":"warn","message":"Произошла ошибка, задача не найдена в базе данных! userID: undefined","timestamp":"2025-04-19T12:34:49.745Z"}
{"level":"info","message":"Статус задачи успешно обновлена. taskID: 33","timestamp":"2025-04-19T12:34:49.746Z"}
{"level":"warn","message":"Произошла ошибка, задача не найдена в базе данных! userID: undefined","timestamp":"2025-04-19T12:36:12.688Z"}
{"level":"info","message":"Статус задачи успешно обновлена. taskID: 33","timestamp":"2025-04-19T12:36:12.689Z"}
{"level":"warn","message":"Произошла ошибка, задача не найдена в базе данных! userID: undefined","timestamp":"2025-04-19T12:36:36.323Z"}
{"level":"info","message":"Статус задачи успешно обновлена. taskID: 33","timestamp":"2025-04-19T12:36:36.324Z"}
{"level":"warn","message":"Произошла ошибка, задача не найдена в базе данных! userID: 10","timestamp":"2025-04-19T12:38:42.931Z"}
{"level":"info","message":"Статус задачи успешно обновлена. taskID: 33","timestamp":"2025-04-19T12:38:42.932Z"}
{"level":"info","message":"Статус задачи успешно обновлена. taskID: 33","timestamp":"2025-04-19T12:39:20.507Z"}
{"level":"info","message":"Статус задачи успешно обновлена. taskID: 32","timestamp":"2025-04-19T12:39:26.195Z"}
{"level":"info","message":"Статус задачи успешно обновлена. taskID: 29","timestamp":"2025-04-19T12:39:37.699Z"}
{"level":"info","message":"Статус задачи успешно обновлена. taskID: 29","timestamp":"2025-04-19T12:40:24.386Z"}
{"level":"info","message":"Регистрация прошла успешно! email: TestJest@gmail.net","timestamp":"2025-04-22T06:53:16.207Z"}
{"level":"info","message":"Авторизация прошла успешно! email: TestJest@gmail.net","timestamp":"2025-04-22T06:53:16.277Z"}
{"level":"info","message":"Регистрация прошла успешно! email: TestJest@gmail.net","timestamp":"2025-04-22T06:56:39.439Z"}
{"level":"info","message":"Авторизация прошла успешно! email: TestJest@gmail.net","timestamp":"2025-04-22T06:56:39.509Z"}
{"level":"info","message":"Регистрация прошла успешно! email: TestJest@gmail.net","timestamp":"2025-04-22T06:57:20.103Z"}
{"level":"info","message":"Авторизация прошла успешно! email: TestJest@gmail.net","timestamp":"2025-04-22T06:57:20.174Z"}
{"level":"info","message":"Регистрация прошла успешно! email: TestJest@gmail.net","timestamp":"2025-04-22T07:01:10.468Z"}
{"level":"info","message":"Авторизация прошла успешно! email: TestJest@gmail.net","timestamp":"2025-04-22T07:01:10.537Z"}
{"level":"info","message":"Регистрация прошла успешно! email: TestJest@gmail.net","timestamp":"2025-04-22T07:02:01.057Z"}
{"level":"info","message":"Авторизация прошла успешно! email: TestJest@gmail.net","timestamp":"2025-04-22T07:02:01.126Z"}
{"level":"info","message":"Регистрация прошла успешно! email: TestJest@gmail.net","timestamp":"2025-04-22T07:02:27.446Z"}
{"level":"info","message":"Авторизация прошла успешно! email: TestJest@gmail.net","timestamp":"2025-04-22T07:02:27.523Z"}
{"level":"info","message":"Регистрация прошла успешно! email: TestJest@gmail.net","timestamp":"2025-04-22T07:05:42.683Z"}
{"level":"info","message":"Авторизация прошла успешно! email: TestJest@gmail.net","timestamp":"2025-04-22T07:05:42.753Z"}
{"level":"info","message":"Регистрация прошла успешно! email: TestJest@gmail.net","timestamp":"2025-04-22T07:28:26.506Z"}
{"level":"info","message":"Авторизация прошла успешно! email: TestJest@gmail.net","timestamp":"2025-04-22T07:28:26.575Z"}
{"level":"info","message":"Регистрация прошла успешно! email: TestJest@gmail.net","timestamp":"2025-04-22T08:35:21.842Z"}
{"level":"info","message":"Авторизация прошла успешно! email: TestJest@gmail.net","timestamp":"2025-04-22T08:35:21.911Z"}
{"level":"info","message":"Регистрация прошла успешно! email: TestJest@gmail.net","timestamp":"2025-04-22T08:35:57.821Z"}
{"level":"info","message":"Регистрация прошла успешно! email: TestJest@gmail.net","timestamp":"2025-04-22T08:35:57.897Z"}
{"level":"info","message":"Регистрация прошла успешно! email: TestJest@gmail.net","timestamp":"2025-04-22T08:39:38.057Z"}
{"level":"info","message":"Регистрация прошла успешно! email: TestJest@gmail.net","timestamp":"2025-04-22T08:39:38.135Z"}
{"level":"info","message":"Авторизация прошла успешно! email: test2@gmail.net","timestamp":"2025-04-22T08:39:38.306Z"}
{"level":"info","message":"Регистрация прошла успешно! email: TestJest@gmail.net","timestamp":"2025-04-22T08:43:50.236Z"}
{"level":"info","message":"Регистрация прошла успешно! email: TestJest@gmail.net","timestamp":"2025-04-22T08:43:50.317Z"}
{"level":"info","message":"Регистрация прошла успешно! email: TestJest@gmail.net","timestamp":"2025-04-22T08:45:56.383Z"}
{"level":"info","message":"Регистрация прошла успешно! email: TestJest@gmail.net","timestamp":"2025-04-22T08:45:56.464Z"}
{"level":"info","message":"Регистрация прошла успешно! email: TestJest@gmail.net","timestamp":"2025-04-22T08:46:46.481Z"}
{"level":"info","message":"Регистрация прошла успешно! email: TestJest@gmail.net","timestamp":"2025-04-22T08:46:46.558Z"}
{"level":"info","message":"Регистрация прошла успешно! email: TestJest@gmail.net","timestamp":"2025-04-22T08:47:53.104Z"}
{"level":"info","message":"Регистрация прошла успешно! email: TestJest@gmail.net","timestamp":"2025-04-22T08:47:53.184Z"}
{"level":"info","message":"Регистрация прошла успешно! email: TestJest@gmail.net","timestamp":"2025-04-22T08:53:13.993Z"}
{"level":"info","message":"Регистрация прошла успешно! email: TestJest@gmail.net","timestamp":"2025-04-22T08:53:14.073Z"}
{"level":"info","message":"Регистрация прошла успешно! email: TestJest@gmail.net","timestamp":"2025-04-22T08:57:02.695Z"}
{"level":"info","message":"Регистрация прошла успешно! email: TestJest@gmail.net","timestamp":"2025-04-22T08:57:02.776Z"}
{"level":"info","message":"Авторизация прошла успешно! email: test2@gmail.net","timestamp":"2025-04-22T08:57:02.938Z"}
{"level":"info","message":"Регистрация прошла успешно! email: TestJest@gmail.net","timestamp":"2025-04-22T08:59:25.522Z"}
{"level":"info","message":"Регистрация прошла успешно! email: TestJest@gmail.net","timestamp":"2025-04-22T08:59:25.601Z"}
{"level":"info","message":"Авторизация прошла успешно! email: test2@gmail.net","timestamp":"2025-04-22T08:59:25.908Z"}
{"level":"info","message":"Регистрация прошла успешно! email: TestJest@gmail.net","timestamp":"2025-04-22T09:15:29.698Z"}
{"level":"info","message":"Регистрация прошла успешно! email: TestJest@gmail.net","timestamp":"2025-04-22T09:15:29.779Z"}
{"level":"info","message":"Авторизация прошла успешно! email: test2@gmail.net","timestamp":"2025-04-22T09:15:29.938Z"}
{"level":"info","message":"Регистрация прошла успешно! email: TestJest@gmail.net","timestamp":"2025-04-22T09:29:58.838Z"}
{"level":"info","message":"Регистрация прошла успешно! email: TestJest@gmail.net","timestamp":"2025-04-22T09:29:58.916Z"}
{"level":"warn","message":"Ошибка валидации: [object Object]","timestamp":"2025-04-22T09:29:58.925Z"}
{"level":"info","message":"Авторизация прошла успешно! email: test2@gmail.net","timestamp":"2025-04-22T09:29:59.102Z"}
{"level":"info","message":"Регистрация прошла успешно! email: TestJest@gmail.net","timestamp":"2025-04-22T09:31:40.641Z"}
{"level":"info","message":"Регистрация прошла успешно! email: TestJest@gmail.net","timestamp":"2025-04-22T09:31:40.723Z"}
{"level":"warn","message":"Ошибка валидации: [object Object]","timestamp":"2025-04-22T09:31:40.730Z"}
{"level":"info","message":"Авторизация прошла успешно! email: test2@gmail.net","timestamp":"2025-04-22T09:31:40.901Z"}
{"level":"info","message":"Регистрация прошла успешно! email: TestJest@gmail.net","timestamp":"2025-04-22T09:35:29.563Z"}
{"level":"info","message":"Регистрация прошла успешно! email: TestJest@gmail.net","timestamp":"2025-04-22T09:35:29.641Z"}
{"level":"warn","message":"Ошибка валидации: [object Object]","timestamp":"2025-04-22T09:35:29.649Z"}
{"level":"info","message":"Авторизация прошла успешно! email: test2@gmail.net","timestamp":"2025-04-22T09:35:29.807Z"}
{"level":"info","message":"Регистрация прошла успешно! email: TestJest@gmail.net","timestamp":"2025-04-22T12:02:49.021Z"}
{"level":"info","message":"Регистрация прошла успешно! email: TestJest@gmail.net","timestamp":"2025-04-22T12:02:49.110Z"}
{"level":"warn","message":"Ошибка валидации: [object Object]","timestamp":"2025-04-22T12:02:49.124Z"}
{"level":"info","message":"Авторизация прошла успешно! email: test2@gmail.net","timestamp":"2025-04-22T12:02:49.762Z"}
{"level":"info","message":"Регистрация прошла успешно! email: TestJest@gmail.net","timestamp":"2025-04-22T12:04:26.541Z"}
{"level":"info","message":"Регистрация прошла успешно! email: TestJest@gmail.net","timestamp":"2025-04-22T12:04:26.615Z"}
{"level":"warn","message":"Ошибка валидации: [object Object]","timestamp":"2025-04-22T12:04:26.622Z"}
{"level":"info","message":"Авторизация прошла успешно! email: test2@gmail.net","timestamp":"2025-04-22T12:04:26.769Z"}
{"level":"info","message":"Регистрация прошла успешно! email: TestJest@gmail.net","timestamp":"2025-04-22T12:58:37.131Z"}
{"level":"info","message":"Регистрация прошла успешно! email: TestJest@gmail.net","timestamp":"2025-04-22T12:58:37.207Z"}
{"level":"warn","message":"Ошибка валидации: [object Object]","timestamp":"2025-04-22T12:58:37.218Z"}
{"level":"info","message":"Авторизация прошла успешно! email: test2@gmail.net","timestamp":"2025-04-22T12:58:37.383Z"}
{"level":"info","message":"Регистрация прошла успешно! email: Postgres9@gmail.com","timestamp":"2025-04-22T13:44:56.988Z"}
{"level":"info","message":"Авторизация прошла успешно! email: Postgres9@gmail.com","timestamp":"2025-04-22T13:45:06.090Z"}
{"level":"info","message":"Task created: тестовое 1234124 by user 95","timestamp":"2025-04-22T13:53:19.053Z"}
{"level":"info","message":"Task created: тестовое 1234124 by user 95","timestamp":"2025-04-22T13:53:19.055Z"}
{"level":"info","message":"Задача успешно добавлена! userid: 95","timestamp":"2025-04-22T13:53:19.056Z"}
{"level":"info","message":"Задача успешно добавлена! userid: 95","timestamp":"2025-04-22T13:53:19.058Z"}
{"level":"info","message":"Processing email for user 95: Task \"тестовое 1234124\" created successfully","timestamp":"2025-04-22T13:53:19.068Z"}
{"level":"info","message":"Email job completed for user 95: sent","timestamp":"2025-04-22T13:53:20.070Z"}
{"level":"info","message":"Processing email for user 95: Task \"тестовое 1234124\" created successfully","timestamp":"2025-04-22T13:53:20.071Z"}
{"level":"info","message":"Email job completed for user 95: sent","timestamp":"2025-04-22T13:53:21.078Z"}
{"level":"info","message":"Task created: тестовое 1234124 by user 95","timestamp":"2025-04-22T13:53:35.944Z"}
{"level":"info","message":"Задача успешно добавлена! userid: 95","timestamp":"2025-04-22T13:53:35.945Z"}
{"level":"info","message":"Processing email for user 95: Task \"тестовое 1234124\" created successfully","timestamp":"2025-04-22T13:53:35.950Z"}
{"level":"info","message":"Email job completed for user 95: sent","timestamp":"2025-04-22T13:53:36.955Z"}
{"level":"warn","message":"Не удалось создать задачу. userId: 95, INSERT или UPDATE в таблице \"tasks\" нарушает ограничение внешнего ключа \"tasks_user_id_fkey\"","timestamp":"2025-04-22T14:18:29.810Z"}
{"level":"warn","message":"Не удалось создать задачу. userId: 95, INSERT или UPDATE в таблице \"tasks\" нарушает ограничение внешнего ключа \"tasks_user_id_fkey\"","timestamp":"2025-04-22T14:18:40.330Z"}
{"level":"warn","message":"Не удалось создать задачу. userId: 95, INSERT или UPDATE в таблице \"tasks\" нарушает ограничение внешнего ключа \"tasks_user_id_fkey\"","timestamp":"2025-04-22T14:19:38.470Z"}
{"level":"warn","message":"Не удалось создать задачу. userId: 95, INSERT или UPDATE в таблице \"tasks\" нарушает ограничение внешнего ключа \"tasks_user_id_fkey\"","timestamp":"2025-04-22T14:21:02.578Z"}
{"level":"info","message":"Регистрация прошла успешно! email: Postgres9@gmail.com","timestamp":"2025-04-22T14:21:49.594Z"}
{"level":"info","message":"Авторизация прошла успешно! email: Postgres9@gmail.com","timestamp":"2025-04-22T14:21:52.901Z"}
{"level":"info","message":"Task created: тестовое 12341242 by user 112","timestamp":"2025-04-22T14:22:02.238Z"}
{"level":"info","message":"Задача успешно добавлена! userid: 112","timestamp":"2025-04-22T14:22:02.238Z"}
{"level":"info","message":"Processing email for user 112: Task \"тестовое 12341242\" created successfully","timestamp":"2025-04-22T14:22:02.242Z"}
{"level":"info","message":"Email job completed for user 112: sent","timestamp":"2025-04-22T14:22:03.256Z"}
{"level":"info","message":"Task created: тестовое 12341242 by user 112","timestamp":"2025-04-22T14:22:34.657Z"}
{"level":"info","message":"Задача успешно добавлена! userid: 112","timestamp":"2025-04-22T14:22:34.658Z"}
{"level":"info","message":"Processing email for user 112: Task \"тестовое 12341242\" created successfully","timestamp":"2025-04-22T14:22:34.662Z"}
{"level":"info","message":"Task created: тестовое 12341242 by user 112","timestamp":"2025-04-22T14:22:34.796Z"}
{"level":"info","message":"Задача успешно добавлена! userid: 112","timestamp":"2025-04-22T14:22:34.796Z"}
{"level":"info","message":"Task created: тестовое 12341242 by user 112","timestamp":"2025-04-22T14:22:34.921Z"}
{"level":"info","message":"Задача успешно добавлена! userid: 112","timestamp":"2025-04-22T14:22:34.921Z"}
{"level":"info","message":"Task created: тестовое 12341242 by user 112","timestamp":"2025-04-22T14:22:35.058Z"}
{"level":"info","message":"Задача успешно добавлена! userid: 112","timestamp":"2025-04-22T14:22:35.058Z"}
{"level":"info","message":"Task created: тестовое 12341242 by user 112","timestamp":"2025-04-22T14:22:35.195Z"}
{"level":"info","message":"Задача успешно добавлена! userid: 112","timestamp":"2025-04-22T14:22:35.195Z"}
{"level":"info","message":"Task created: тестовое 12341242 by user 112","timestamp":"2025-04-22T14:22:35.313Z"}
{"level":"info","message":"Задача успешно добавлена! userid: 112","timestamp":"2025-04-22T14:22:35.313Z"}
{"level":"info","message":"Task created: тестовое 12341242 by user 112","timestamp":"2025-04-22T14:22:35.460Z"}
{"level":"info","message":"Задача успешно добавлена! userid: 112","timestamp":"2025-04-22T14:22:35.460Z"}
{"level":"info","message":"Task created: тестовое 12341242 by user 112","timestamp":"2025-04-22T14:22:35.582Z"}
{"level":"info","message":"Задача успешно добавлена! userid: 112","timestamp":"2025-04-22T14:22:35.582Z"}
{"level":"info","message":"Email job completed for user 112: sent","timestamp":"2025-04-22T14:22:35.671Z"}
{"level":"info","message":"Processing email for user 112: Task \"тестовое 12341242\" created successfully","timestamp":"2025-04-22T14:22:35.672Z"}
{"level":"info","message":"Task created: тестовое 12341242 by user 112","timestamp":"2025-04-22T14:22:35.703Z"}
{"level":"info","message":"Задача успешно добавлена! userid: 112","timestamp":"2025-04-22T14:22:35.703Z"}
{"level":"info","message":"Task created: тестовое 12341242 by user 112","timestamp":"2025-04-22T14:22:35.821Z"}
{"level":"info","message":"Задача успешно добавлена! userid: 112","timestamp":"2025-04-22T14:22:35.822Z"}
{"level":"info","message":"Task created: тестовое 12341242 by user 112","timestamp":"2025-04-22T14:22:35.944Z"}
{"level":"info","message":"Задача успешно добавлена! userid: 112","timestamp":"2025-04-22T14:22:35.944Z"}
{"level":"info","message":"Task created: тестовое 12341242 by user 112","timestamp":"2025-04-22T14:22:36.096Z"}
{"level":"info","message":"Задача успешно добавлена! userid: 112","timestamp":"2025-04-22T14:22:36.096Z"}
{"level":"info","message":"Task created: тестовое 12341242 by user 112","timestamp":"2025-04-22T14:22:36.212Z"}
{"level":"info","message":"Задача успешно добавлена! userid: 112","timestamp":"2025-04-22T14:22:36.212Z"}
{"level":"info","message":"Task created: тестовое 12341242 by user 112","timestamp":"2025-04-22T14:22:36.364Z"}
{"level":"info","message":"Задача успешно добавлена! userid: 112","timestamp":"2025-04-22T14:22:36.364Z"}
{"level":"info","message":"Task created: тестовое 12341242 by user 112","timestamp":"2025-04-22T14:22:36.476Z"}
{"level":"info","message":"Задача успешно добавлена! userid: 112","timestamp":"2025-04-22T14:22:36.476Z"}
{"level":"info","message":"Task created: тестовое 12341242 by user 112","timestamp":"2025-04-22T14:22:36.596Z"}
{"level":"info","message":"Задача успешно добавлена! userid: 112","timestamp":"2025-04-22T14:22:36.596Z"}
{"level":"info","message":"Email job completed for user 112: sent","timestamp":"2025-04-22T14:22:36.681Z"}
{"level":"info","message":"Processing email for user 112: Task \"тестовое 12341242\" created successfully","timestamp":"2025-04-22T14:22:36.681Z"}
{"level":"info","message":"Email job completed for user 112: sent","timestamp":"2025-04-22T14:22:37.697Z"}
{"level":"info","message":"Processing email for user 112: Task \"тестовое 12341242\" created successfully","timestamp":"2025-04-22T14:22:37.697Z"}
{"level":"info","message":"Email job completed for user 112: sent","timestamp":"2025-04-22T14:22:38.700Z"}
{"level":"info","message":"Processing email for user 112: Task \"тестовое 12341242\" created successfully","timestamp":"2025-04-22T14:22:38.700Z"}
{"level":"info","message":"Email job completed for user 112: sent","timestamp":"2025-04-22T14:22:39.712Z"}
{"level":"info","message":"Processing email for user 112: Task \"тестовое 12341242\" created successfully","timestamp":"2025-04-22T14:22:39.712Z"}
{"level":"info","message":"Email job completed for user 112: sent","timestamp":"2025-04-22T14:22:40.728Z"}
{"level":"info","message":"Processing email for user 112: Task \"тестовое 12341242\" created successfully","timestamp":"2025-04-22T14:22:40.728Z"}
{"level":"info","message":"Email job completed for user 112: sent","timestamp":"2025-04-22T14:22:41.739Z"}
{"level":"info","message":"Processing email for user 112: Task \"тестовое 12341242\" created successfully","timestamp":"2025-04-22T14:22:41.740Z"}
{"level":"info","message":"Email job completed for user 112: sent","timestamp":"2025-04-22T14:22:42.756Z"}
{"level":"info","message":"Processing email for user 112: Task \"тестовое 12341242\" created successfully","timestamp":"2025-04-22T14:22:42.756Z"}
{"level":"info","message":"Email job completed for user 112: sent","timestamp":"2025-04-22T14:22:43.771Z"}
{"level":"info","message":"Processing email for user 112: Task \"тестовое 12341242\" created successfully","timestamp":"2025-04-22T14:22:43.771Z"}
{"level":"info","message":"Email job completed for user 112: sent","timestamp":"2025-04-22T14:22:44.776Z"}
{"level":"info","message":"Processing email for user 112: Task \"тестовое 12341242\" created successfully","timestamp":"2025-04-22T14:22:44.776Z"}
{"level":"info","message":"Email job completed for user 112: sent","timestamp":"2025-04-22T14:22:45.780Z"}
{"level":"info","message":"Processing email for user 112: Task \"тестовое 12341242\" created successfully","timestamp":"2025-04-22T14:22:45.781Z"}
{"level":"info","message":"Email job completed for user 112: sent","timestamp":"2025-04-22T14:22:46.794Z"}
{"level":"info","message":"Processing email for user 112: Task \"тестовое 12341242\" created successfully","timestamp":"2025-04-22T14:22:46.794Z"}
{"level":"info","message":"Email job completed for user 112: sent","timestamp":"2025-04-22T14:22:47.806Z"}
{"level":"info","message":"Processing email for user 112: Task \"тестовое 12341242\" created successfully","timestamp":"2025-04-22T14:22:47.807Z"}
{"level":"info","message":"Email job completed for user 112: sent","timestamp":"2025-04-22T14:22:48.809Z"}
{"level":"info","message":"Processing email for user 112: Task \"тестовое 12341242\" created successfully","timestamp":"2025-04-22T14:22:48.810Z"}
{"level":"info","message":"Email job completed for user 112: sent","timestamp":"2025-04-22T14:22:49.827Z"}
{"level":"info","message":"Processing email for user 112: Task \"тестовое 12341242\" created successfully","timestamp":"2025-04-22T14:22:49.827Z"}
{"level":"info","message":"Email job completed for user 112: sent","timestamp":"2025-04-22T14:22:50.835Z"}
{"level":"warn","message":"Validation failed: \"userId\" is not allowed","timestamp":"2025-04-22T15:24:26.820Z"}
{"level":"info","message":"Task created: Test Task by user 141","timestamp":"2025-04-22T15:29:03.068Z"}
{"level":"info","message":"Задача успешно добавлена! userid: 141 [object Object]","timestamp":"2025-04-22T15:29:03.073Z"}
{"level":"info","message":"Task created: Test Task by user 142","timestamp":"2025-04-22T15:32:05.767Z"}
{"level":"info","message":"Задача успешно добавлена! userid: 142 [object Object]","timestamp":"2025-04-22T15:32:05.772Z"}
{"level":"info","message":"Task created: Test Task by user 143","timestamp":"2025-04-23T06:11:09.646Z"}
{"level":"info","message":"Задача успешно добавлена! userid: 143 [object Object]","timestamp":"2025-04-23T06:11:09.652Z"}
{"level":"warn","message":"Произошла ошибка, задача не найдена в базе данных! userID: 143","timestamp":"2025-04-23T06:11:09.679Z"}
{"level":"info","message":"Статус задачи успешно обновлена. taskID: 29","timestamp":"2025-04-23T06:11:09.680Z"}
{"level":"info","message":"Task created: Test Task by user 144","timestamp":"2025-04-23T06:15:05.031Z"}
{"level":"info","message":"Задача успешно добавлена! userid: 144 [object Object]","timestamp":"2025-04-23T06:15:05.034Z"}
{"level":"warn","message":"Произошла ошибка, задача не найдена в базе данных! userID: 144","timestamp":"2025-04-23T06:15:05.064Z"}
{"level":"info","message":"Статус задачи успешно обновлена. taskID: 12","timestamp":"2025-04-23T06:15:05.065Z"}
{"level":"info","message":"Task created: Test Task by user 145","timestamp":"2025-04-23T06:16:41.534Z"}
{"level":"info","message":"Задача успешно добавлена! userid: 145 [object Object]","timestamp":"2025-04-23T06:16:41.538Z"}
{"level":"info","message":"Статус задачи успешно обновлена. taskID: 151","timestamp":"2025-04-23T06:16:41.570Z"}
{"level":"info","message":"Task created: Test Task by user 146","timestamp":"2025-04-23T06:17:50.305Z"}
{"level":"info","message":"Задача успешно добавлена! userid: 146 [object Object]","timestamp":"2025-04-23T06:17:50.308Z"}
{"level":"info","message":"Task created: Test Task by user 147","timestamp":"2025-04-23T06:18:22.131Z"}
{"level":"info","message":"Задача успешно добавлена! userid: 147 [object Object]","timestamp":"2025-04-23T06:18:22.134Z"}
{"level":"info","message":"Статус задачи успешно обновлена. taskID: 157","timestamp":"2025-04-23T06:18:22.165Z"}
{"level":"info","message":"Task created: Test Task by user 148","timestamp":"2025-04-23T06:18:56.666Z"}
{"level":"info","message":"Задача успешно добавлена! userid: 148 [object Object]","timestamp":"2025-04-23T06:18:56.669Z"}
{"level":"info","message":"Статус задачи успешно обновлена. taskID: 160","timestamp":"2025-04-23T06:18:56.701Z"}
{"level":"info","message":"Task created: Test Task by user 149","timestamp":"2025-04-23T06:19:25.727Z"}
{"level":"info","message":"Задача успешно добавлена! userid: 149 [object Object]","timestamp":"2025-04-23T06:19:25.731Z"}
{"level":"info","message":"Статус задачи успешно обновлена. taskID: 163","timestamp":"2025-04-23T06:19:25.765Z"}
{"level":"info","message":"Task created: Test Task by user 150","timestamp":"2025-04-23T06:19:42.692Z"}
{"level":"info","message":"Задача успешно добавлена! userid: 150 [object Object]","timestamp":"2025-04-23T06:19:42.694Z"}
{"level":"info","message":"Статус задачи успешно обновлена. taskID: 166","timestamp":"2025-04-23T06:19:42.719Z"}
{"level":"info","message":"Task created: Test Task by user 151","timestamp":"2025-04-23T06:20:13.265Z"}
{"level":"info","message":"Задача успешно добавлена! userid: 151 [object Object]","timestamp":"2025-04-23T06:20:13.268Z"}
{"level":"info","message":"Статус задачи успешно обновлена. taskID: 169","timestamp":"2025-04-23T06:20:13.292Z"}
{"level":"info","message":"Task created: Test Task by user 152","timestamp":"2025-04-23T06:24:34.248Z"}
{"level":"info","message":"Задача успешно добавлена! userid: 152 [object Object]","timestamp":"2025-04-23T06:24:34.251Z"}
{"level":"info","message":"Статус задачи успешно обновлена. taskID: 172","timestamp":"2025-04-23T06:24:34.276Z"}
{"level":"info","message":"Task created: Test Task by user 153","timestamp":"2025-04-23T06:25:58.113Z"}
{"level":"info","message":"Задача успешно добавлена! userid: 153 [object Object]","timestamp":"2025-04-23T06:25:58.116Z"}
{"level":"info","message":"Статус задачи успешно обновлена. taskID: 176","timestamp":"2025-04-23T06:25:58.141Z"}
{"level":"info","message":"Task created: Test Task by user 154","timestamp":"2025-04-23T06:27:19.815Z"}
{"level":"info","message":"Задача успешно добавлена! userid: 154 [object Object]","timestamp":"2025-04-23T06:27:19.818Z"}
{"level":"info","message":"Статус задачи успешно обновлена. taskID: 180","timestamp":"2025-04-23T06:27:19.843Z"}
{"level":"info","message":"Task created: Test Task by user 155","timestamp":"2025-04-23T06:27:58.491Z"}
{"level":"info","message":"Задача успешно добавлена! userid: 155 [object Object]","timestamp":"2025-04-23T06:27:58.494Z"}
{"level":"info","message":"Статус задачи успешно обновлена. taskID: 184","timestamp":"2025-04-23T06:27:58.524Z"}
{"level":"info","message":"Task created: Test Task by user 156","timestamp":"2025-04-23T06:28:23.089Z"}
{"level":"info","message":"Задача успешно добавлена! userid: 156 [object Object]","timestamp":"2025-04-23T06:28:23.092Z"}
{"level":"info","message":"Статус задачи успешно обновлена. taskID: 188","timestamp":"2025-04-23T06:28:23.117Z"}
{"level":"info","message":"Task created: Test Task by user 157","timestamp":"2025-04-23T06:39:42.414Z"}
{"level":"info","message":"Задача успешно добавлена! userid: 157 [object Object]","timestamp":"2025-04-23T06:39:42.417Z"}
{"level":"info","message":"Статус задачи успешно обновлена. taskID: 192","timestamp":"2025-04-23T06:39:42.441Z"}
{"level":"info","message":"Task created: Test Task by user 158","timestamp":"2025-04-23T06:40:34.854Z"}
{"level":"info","message":"Задача успешно добавлена! userid: 158 [object Object]","timestamp":"2025-04-23T06:40:34.857Z"}
{"level":"info","message":"Статус задачи успешно обновлена. taskID: 196","timestamp":"2025-04-23T06:40:34.881Z"}
{"level":"info","message":"Регистрация прошла успешно! email: TestJest@gmail.net","timestamp":"2025-04-23T06:40:35.529Z"}
{"level":"info","message":"Регистрация прошла успешно! email: TestJest@gmail.net","timestamp":"2025-04-23T06:40:35.600Z"}
{"level":"warn","message":"Ошибка валидации: [object Object]","timestamp":"2025-04-23T06:40:35.608Z"}
{"level":"info","message":"Авторизация прошла успешно! email: test2@gmail.net","timestamp":"2025-04-23T06:40:35.770Z"}
{"level":"info","message":"Task created: Test Task by user 162","timestamp":"2025-04-23T06:40:40.845Z"}
{"level":"info","message":"Задача успешно добавлена! userid: 162 [object Object]","timestamp":"2025-04-23T06:40:40.849Z"}
{"level":"info","message":"Статус задачи успешно обновлена. taskID: 200","timestamp":"2025-04-23T06:40:40.875Z"}
{"level":"info","message":"Task created: Test Task by user 163","timestamp":"2025-04-23T06:41:43.569Z"}
{"level":"info","message":"Задача успешно добавлена! userid: 163 [object Object]","timestamp":"2025-04-23T06:41:43.572Z"}
{"level":"info","message":"Статус задачи успешно обновлена. taskID: 204","timestamp":"2025-04-23T06:41:43.597Z"}
{"level":"info","message":"Task created: Test Task by user 164","timestamp":"2025-04-23T06:42:19.801Z"}
{"level":"info","message":"Задача успешно добавлена! userid: 164 [object Object]","timestamp":"2025-04-23T06:42:19.804Z"}
{"level":"info","message":"Статус задачи успешно обновлена. taskID: 208","timestamp":"2025-04-23T06:42:19.829Z"}
{"level":"info","message":"Task created: Test Task by user 165","timestamp":"2025-04-23T06:43:52.420Z"}
{"level":"info","message":"Задача успешно добавлена! userid: 165 [object Object]","timestamp":"2025-04-23T06:43:52.424Z"}
{"level":"info","message":"Статус задачи успешно обновлена. taskID: 212","timestamp":"2025-04-23T06:43:52.448Z"}
{"level":"info","message":"Task created: Test Task by user 166","timestamp":"2025-04-23T06:49:04.402Z"}
{"level":"info","message":"Задача успешно добавлена! userid: 166 [object Object]","timestamp":"2025-04-23T06:49:04.405Z"}
{"level":"info","message":"Статус задачи успешно обновлена. taskID: 216","timestamp":"2025-04-23T06:49:04.430Z"}
{"level":"info","message":"Запрос задач успешно прошла. user undefined","timestamp":"2025-04-23T11:34:12.375Z"}
{"level":"info","message":"Запрос задач успешно прошла. user undefined","timestamp":"2025-04-23T11:38:43.038Z"}
{"level":"info","message":"Запрос задач успешно прошла. user undefined","timestamp":"2025-04-23T11:39:21.139Z"}
{"level":"info","message":"Запрос задач успешно прошла. user undefined","timestamp":"2025-04-23T11:41:49.608Z"}
{"level":"info","message":"Запрос задач успешно прошла. user undefined","timestamp":"2025-04-23T11:42:48.500Z"}
{"level":"info","message":"Запрос задач успешно прошла. user undefined","timestamp":"2025-04-23T11:43:22.646Z"}
{"level":"info","message":"Запрос задач успешно прошла. user undefined","timestamp":"2025-04-23T11:44:46.947Z"}
{"level":"info","message":"Запрос задач успешно прошла. user undefined","timestamp":"2025-04-23T11:45:46.683Z"}
{"level":"info","message":"Запрос задач успешно прошла. user undefined","timestamp":"2025-04-23T11:46:21.176Z"}
{"level":"info","message":"Запрос задач успешно прошла. user 179","timestamp":"2025-04-23T11:48:25.130Z"}
{"level":"info","message":"Запрос задач успешно прошла. user 180","timestamp":"2025-04-23T11:49:15.908Z"}
{"level":"info","message":"Запрос задач успешно прошла. user 181","timestamp":"2025-04-23T11:49:48.022Z"}
{"level":"info","message":"Запрос задач успешно прошла. user 182","timestamp":"2025-04-23T11:51:49.874Z"}
{"level":"info","message":"Регистрация прошла успешно! email: Postgres9@gmail.com","timestamp":"2025-04-24T12:08:47.122Z"}
{"level":"info","message":"Авторизация прошла успешно! email: Postgres9@gmail.com","timestamp":"2025-04-24T12:09:01.844Z"}
{"level":"info","message":"Task created: тестовое 12341242 by user 183","timestamp":"2025-04-24T12:09:24.669Z"}
{"level":"info","message":"Задача успешно добавлена! userid: 183 [object Object]","timestamp":"2025-04-24T12:09:24.669Z"}
{"level":"info","message":"Авторизация прошла успешно! email: NailtestAPI@gmail.com","timestamp":"2025-05-11T15:06:29.563Z"}
{"level":"info","message":"Авторизация прошла успешно! email: NailtestAPI@gmail.com","timestamp":"2025-05-11T15:08:42.911Z"}
{"level":"info","message":"Регистрация прошла успешно! email: NailtestAPI@gmail.com","timestamp":"2025-05-11T15:10:46.229Z"}
{"level":"info","message":"Регистрация прошла успешно! email: NailtsestAPI@gmail.com","timestamp":"2025-05-11T15:14:52.247Z"}
{"level":"info","message":"Регистрация прошла успешно! email: NailtsestAPI2@gmail.com","timestamp":"2025-05-17T09:17:16.223Z"}
{"level":"info","message":"Авторизация прошла успешно! email: NailtsestAPI2@gmail.com","timestamp":"2025-05-17T09:17:24.080Z"}
{"level":"info","message":"Авторизация прошла успешно! email: NailtsestAPI2@gmail.com","timestamp":"2025-05-17T09:17:35.775Z"}
{"level":"info","message":"Task created: Пойти на блядки by user 2","timestamp":"2025-05-17T09:18:16.356Z"}
{"level":"info","message":"Задача успешно добавлена! userid: 2 [object Object]","timestamp":"2025-05-17T09:18:16.356Z"}
{"level":"info","message":"Авторизация прошла успешно! email: NailtsestAPI@gmail.com","timestamp":"2025-05-17T09:18:41.277Z"}
{"level":"info","message":"Task created: Пойти на блядки2 by user 1","timestamp":"2025-05-17T09:18:49.306Z"}
{"level":"info","message":"Задача успешно добавлена! userid: 1 [object Object]","timestamp":"2025-05-17T09:18:49.306Z"}
{"level":"info","message":"Task created: Test Task by user 3","timestamp":"2025-05-21T06:30:30.742Z"}
{"level":"info","message":"Задача успешно добавлена! userid: 3 [object Object]","timestamp":"2025-05-21T06:30:30.745Z"}
{"level":"info","message":"Запрос задач успешно прошла. user 3","timestamp":"2025-05-21T06:30:30.766Z"}
{"level":"info","message":"Task created: Test Task by user 4","timestamp":"2025-05-21T06:33:52.697Z"}
{"level":"info","message":"Задача успешно добавлена! userid: 4 [object Object]","timestamp":"2025-05-21T06:33:52.700Z"}
{"level":"info","message":"Запрос задач успешно прошла. user 4","timestamp":"2025-05-21T06:33:52.722Z"}
{"level":"info","message":"Task created: Test Task by user 5","timestamp":"2025-05-21T06:36:25.484Z"}
{"level":"info","message":"Задача успешно добавлена! userid: 5 [object Object]","timestamp":"2025-05-21T06:36:25.487Z"}
{"level":"info","message":"Запрос задач успешно прошла. user 5","timestamp":"2025-05-21T06:36:25.508Z"}
{"level":"info","message":"Task created: Test Task by user 6","timestamp":"2025-05-21T06:40:00.124Z"}
{"level":"info","message":"Задача успешно добавлена! userid: 6 [object Object]","timestamp":"2025-05-21T06:40:00.128Z"}
{"level":"info","message":"Запрос задач успешно прошла. user 6","timestamp":"2025-05-21T06:40:00.150Z"}
